<?xml version="1.0" encoding="UTF-8"?>
<testng-results ignored="0" total="2" passed="2" failed="0" skipped="0">
  <reporter-output>
  </reporter-output>
  <suite started-at="2022-03-05T12:38:08 IST" name="Default suite" finished-at="2022-03-05T12:38:08 IST" duration-ms="85">
    <groups>
    </groups>
    <test started-at="2022-03-05T12:38:08 IST" name="Default test" finished-at="2022-03-05T12:38:08 IST" duration-ms="85">
      <class name="test.HomePageTest">
        <test-method signature="test6()[pri:0, instance:test.HomePageTest@2e1d27ba]" started-at="2022-03-05T12:38:08 IST" name="test6" finished-at="2022-03-05T12:38:08 IST" duration-ms="13" status="PASS">
          <reporter-output>
          </reporter-output>
        </test-method> <!-- test6 -->
        <test-method signature="test3()[pri:0, instance:test.HomePageTest@2e1d27ba]" started-at="2022-03-05T12:38:08 IST" name="test3" finished-at="2022-03-05T12:38:08 IST" depends-on-methods="test.HomePageTest.test6" duration-ms="2" status="PASS">
          <reporter-output>
          </reporter-output>
        </test-method> <!-- test3 -->
      </class> <!-- test.HomePageTest -->
    </test> <!-- Default test -->
  </suite> <!-- Default suite -->
</testng-results>
