<?xml version="1.0" encoding="UTF-8"?>
<!-- Generated by org.testng.reporters.JUnitXMLReporter -->
<testsuite ignored="1" hostname="DESKTOP-31B80VT" failures="0" tests="3" name="Test" time="0.075" errors="0" timestamp="2022-03-05T11:23:20 IST">
  <testcase classname="test.Annotationexample" name="test1" time="0.008"/>
  <testcase classname="test.HomePageTest" name="test3" time="0.001"/>
  <testcase classname="test2.CheckoutTest" name="test4" time="0.001"/>
  <testcase classname="test.Annotationexample" name="test2" time="0.0">
    <ignored/>
  </testcase> <!-- test2 -->
</testsuite> <!-- Test -->
